INFO:     Will watch for changes in these directories: ['/Users/fakerhelali/Coding/Budget App/backend']
INFO:     Uvicorn running on http://0.0.0.0:8000 (Press CTRL+C to quit)
INFO:     Started reloader process [50478] using WatchFiles
Process SpawnProcess-1:
Traceback (most recent call last):
  File "/Library/Frameworks/Python.framework/Versions/3.14/lib/python3.14/multiprocessing/process.py", line 320, in _bootstrap
    self.run()
    ~~~~~~~~^^
  File "/Library/Frameworks/Python.framework/Versions/3.14/lib/python3.14/multiprocessing/process.py", line 108, in run
    self._target(*self._args, **self._kwargs)
    ~~~~~~~~~~~~^^^^^^^^^^^^^^^^^^^^^^^^^^^^^
  File "/Users/fakerhelali/Coding/Budget App/backend/.venv/lib/python3.14/site-packages/uvicorn/_subprocess.py", line 80, in subprocess_started
    target(sockets=sockets)
    ~~~~~~^^^^^^^^^^^^^^^^^
  File "/Users/fakerhelali/Coding/Budget App/backend/.venv/lib/python3.14/site-packages/uvicorn/server.py", line 67, in run
    return asyncio_run(self.serve(sockets=sockets), loop_factory=self.config.get_loop_factory())
  File "/Library/Frameworks/Python.framework/Versions/3.14/lib/python3.14/asyncio/runners.py", line 204, in run
    return runner.run(main)
           ~~~~~~~~~~^^^^^^
  File "/Library/Frameworks/Python.framework/Versions/3.14/lib/python3.14/asyncio/runners.py", line 127, in run
    return self._loop.run_until_complete(task)
           ~~~~~~~~~~~~~~~~~~~~~~~~~~~~~^^^^^^
  File "uvloop/loop.pyx", line 1518, in uvloop.loop.Loop.run_until_complete
  File "/Users/fakerhelali/Coding/Budget App/backend/.venv/lib/python3.14/site-packages/uvicorn/server.py", line 71, in serve
    await self._serve(sockets)
  File "/Users/fakerhelali/Coding/Budget App/backend/.venv/lib/python3.14/site-packages/uvicorn/server.py", line 78, in _serve
    config.load()
    ~~~~~~~~~~~^^
  File "/Users/fakerhelali/Coding/Budget App/backend/.venv/lib/python3.14/site-packages/uvicorn/config.py", line 439, in load
    self.loaded_app = import_from_string(self.app)
                      ~~~~~~~~~~~~~~~~~~^^^^^^^^^^
  File "/Users/fakerhelali/Coding/Budget App/backend/.venv/lib/python3.14/site-packages/uvicorn/importer.py", line 19, in import_from_string
    module = importlib.import_module(module_str)
  File "/Library/Frameworks/Python.framework/Versions/3.14/lib/python3.14/importlib/__init__.py", line 88, in import_module
    return _bootstrap._gcd_import(name[level:], package, level)
           ~~~~~~~~~~~~~~~~~~~~~~^^^^^^^^^^^^^^^^^^^^^^^^^^^^^^
  File "<frozen importlib._bootstrap>", line 1398, in _gcd_import
  File "<frozen importlib._bootstrap>", line 1371, in _find_and_load
  File "<frozen importlib._bootstrap>", line 1342, in _find_and_load_unlocked
  File "<frozen importlib._bootstrap>", line 938, in _load_unlocked
  File "<frozen importlib._bootstrap_external>", line 762, in exec_module
  File "<frozen importlib._bootstrap>", line 491, in _call_with_frames_removed
  File "/Users/fakerhelali/Coding/Budget App/backend/app/main.py", line 21, in <module>
    from app.api.v1 import (
    ...<11 lines>...
    )
  File "/Users/fakerhelali/Coding/Budget App/backend/app/api/v1/__init__.py", line 11, in <module>
    from app.api.v1.planning import router as planning_router
  File "/Users/fakerhelali/Coding/Budget App/backend/app/api/v1/planning.py", line 57, in <module>
    from app.services.impact_calculator_service import (
    ...<2 lines>...
    )
  File "/Users/fakerhelali/Coding/Budget App/backend/app/services/impact_calculator_service.py", line 24, in <module>
    from app.models.planning import (
    ...<5 lines>...
    )
ImportError: cannot import name 'DHGAllocation' from 'app.models.planning' (/Users/fakerhelali/Coding/Budget App/backend/app/models/planning.py)
WARNING:  WatchFiles detected changes in 'tests/services/test_historical_import_service.py'. Reloading...
Process SpawnProcess-2:
Traceback (most recent call last):
  File "/Library/Frameworks/Python.framework/Versions/3.14/lib/python3.14/multiprocessing/process.py", line 320, in _bootstrap
    self.run()
    ~~~~~~~~^^
  File "/Library/Frameworks/Python.framework/Versions/3.14/lib/python3.14/multiprocessing/process.py", line 108, in run
    self._target(*self._args, **self._kwargs)
    ~~~~~~~~~~~~^^^^^^^^^^^^^^^^^^^^^^^^^^^^^
  File "/Users/fakerhelali/Coding/Budget App/backend/.venv/lib/python3.14/site-packages/uvicorn/_subprocess.py", line 80, in subprocess_started
    target(sockets=sockets)
    ~~~~~~^^^^^^^^^^^^^^^^^
  File "/Users/fakerhelali/Coding/Budget App/backend/.venv/lib/python3.14/site-packages/uvicorn/server.py", line 67, in run
    return asyncio_run(self.serve(sockets=sockets), loop_factory=self.config.get_loop_factory())
  File "/Library/Frameworks/Python.framework/Versions/3.14/lib/python3.14/asyncio/runners.py", line 204, in run
    return runner.run(main)
           ~~~~~~~~~~^^^^^^
  File "/Library/Frameworks/Python.framework/Versions/3.14/lib/python3.14/asyncio/runners.py", line 127, in run
    return self._loop.run_until_complete(task)
           ~~~~~~~~~~~~~~~~~~~~~~~~~~~~~^^^^^^
  File "uvloop/loop.pyx", line 1518, in uvloop.loop.Loop.run_until_complete
  File "/Users/fakerhelali/Coding/Budget App/backend/.venv/lib/python3.14/site-packages/uvicorn/server.py", line 71, in serve
    await self._serve(sockets)
  File "/Users/fakerhelali/Coding/Budget App/backend/.venv/lib/python3.14/site-packages/uvicorn/server.py", line 78, in _serve
    config.load()
    ~~~~~~~~~~~^^
  File "/Users/fakerhelali/Coding/Budget App/backend/.venv/lib/python3.14/site-packages/uvicorn/config.py", line 439, in load
    self.loaded_app = import_from_string(self.app)
                      ~~~~~~~~~~~~~~~~~~^^^^^^^^^^
  File "/Users/fakerhelali/Coding/Budget App/backend/.venv/lib/python3.14/site-packages/uvicorn/importer.py", line 19, in import_from_string
    module = importlib.import_module(module_str)
  File "/Library/Frameworks/Python.framework/Versions/3.14/lib/python3.14/importlib/__init__.py", line 88, in import_module
    return _bootstrap._gcd_import(name[level:], package, level)
           ~~~~~~~~~~~~~~~~~~~~~~^^^^^^^^^^^^^^^^^^^^^^^^^^^^^^
  File "<frozen importlib._bootstrap>", line 1398, in _gcd_import
  File "<frozen importlib._bootstrap>", line 1371, in _find_and_load
  File "<frozen importlib._bootstrap>", line 1342, in _find_and_load_unlocked
  File "<frozen importlib._bootstrap>", line 938, in _load_unlocked
  File "<frozen importlib._bootstrap_external>", line 762, in exec_module
  File "<frozen importlib._bootstrap>", line 491, in _call_with_frames_removed
  File "/Users/fakerhelali/Coding/Budget App/backend/app/main.py", line 21, in <module>
    from app.api.v1 import (
    ...<11 lines>...
    )
  File "/Users/fakerhelali/Coding/Budget App/backend/app/api/v1/__init__.py", line 11, in <module>
    from app.api.v1.planning import router as planning_router
  File "/Users/fakerhelali/Coding/Budget App/backend/app/api/v1/planning.py", line 57, in <module>
    from app.services.impact_calculator_service import (
    ...<2 lines>...
    )
  File "/Users/fakerhelali/Coding/Budget App/backend/app/services/impact_calculator_service.py", line 24, in <module>
    from app.models.planning import (
    ...<5 lines>...
    )
ImportError: cannot import name 'DHGAllocation' from 'app.models.planning' (/Users/fakerhelali/Coding/Budget App/backend/app/models/planning.py)
WARNING:  WatchFiles detected changes in 'app/services/impact_calculator_service.py'. Reloading...
INFO:     Started server process [51178]
INFO:     Waiting for application startup.
============================================================
[STARTUP] Environment Variables Status:
  SUPABASE_JWT_SECRET configured: True
  SUPABASE_JWT_SECRET length: 88
  SUPABASE_URL: https://ssxwmxqvafesyldycqzy.supabase.co
  Expected issuer: https://ssxwmxqvafesyldycqzy.supabase.co/auth/v1
============================================================
{"event": "application_startup_begin", "level": "info", "timestamp": "2025-12-06T12:53:05.361793Z"}
{"duration_seconds": 0.36, "statement": "SELECT 1", "query_type": "SELECT", "threshold_seconds": 0.1, "event": "slow_query", "level": "warning", "timestamp": "2025-12-06T12:53:08.251947Z"}
{"host": "Supabase PostgreSQL", "event": "database_health_check_success", "level": "info", "timestamp": "2025-12-06T12:53:08.492441Z"}
{"url": "redis://localhost:6379/0", "event": "cache_setup_configured", "level": "info", "timestamp": "2025-12-06T12:53:08.492548Z"}
{"url": "redis://localhost:6379/0", "event": "cache_initialization_success", "level": "info", "timestamp": "2025-12-06T12:53:08.494400Z"}
{"event": "cache_initialization_success", "level": "info", "timestamp": "2025-12-06T12:53:08.494430Z"}
HTTP Request: GET https://ssxwmxqvafesyldycqzy.supabase.co/auth/v1/health "HTTP/1.1 401 Unauthorized"
{"status": 401, "event": "supabase_auth_check_success", "level": "info", "timestamp": "2025-12-06T12:53:08.926637Z"}
{"event": "application_startup_complete", "level": "info", "timestamp": "2025-12-06T12:53:08.926755Z"}
INFO:     Application startup complete.
WARNING:  WatchFiles detected changes in 'app/services/impact_calculator_service.py'. Reloading...
INFO:     Shutting down
INFO:     Waiting for application shutdown.
{"event": "application_shutdown_begin", "level": "info", "timestamp": "2025-12-06T12:53:15.184822Z"}
{"event": "redis_client_closed", "level": "info", "timestamp": "2025-12-06T12:53:15.184855Z"}
{"event": "application_shutdown_complete", "level": "info", "timestamp": "2025-12-06T12:53:15.184867Z"}
INFO:     Application shutdown complete.
INFO:     Finished server process [51178]
INFO:     Started server process [51334]
INFO:     Waiting for application startup.
============================================================
[STARTUP] Environment Variables Status:
  SUPABASE_JWT_SECRET configured: True
  SUPABASE_JWT_SECRET length: 88
  SUPABASE_URL: https://ssxwmxqvafesyldycqzy.supabase.co
  Expected issuer: https://ssxwmxqvafesyldycqzy.supabase.co/auth/v1
============================================================
{"event": "application_startup_begin", "level": "info", "timestamp": "2025-12-06T12:53:15.975468Z"}
{"duration_seconds": 0.37, "statement": "SELECT 1", "query_type": "SELECT", "threshold_seconds": 0.1, "event": "slow_query", "level": "warning", "timestamp": "2025-12-06T12:53:18.777747Z"}
WARNING:  WatchFiles detected changes in 'tests/api/test_admin_api.py'. Reloading...
